<?xml version="1.0" encoding="UTF-8"?>
<!-- Generated by org.testng.reporters.JUnitXMLReporter -->
<testsuite ignored="2" hostname="vidhya16" failures="1" tests="6" name="Test" time="15.18" errors="0" timestamp="2023-07-05T15:13:21 IST">
  <testcase classname="testClasses.HomeTest" name="validateTitle" time="0.073">
    <failure type="java.lang.AssertionError" message="test case Pass expected [true] but found [false]">
      <![CDATA[java.lang.AssertionError: test case Pass expected [true] but found [false]
at testClasses.HomeTest.validateTitle(HomeTest.java:18)
at java.base/java.util.ArrayList.forEach(ArrayList.java:1541)
... Removed 33 stack frames]]>
    </failure>
  </testcase> <!-- validateTitle -->
  <testcase classname="testClasses.HomeTest" name="NevTosingleMalt" time="1.592"/>
  <testcase classname="testClasses.ProductTest" name="applyfilters" time="0.984"/>
  <testcase classname="testClasses.ProductTest" name="resetFilters" time="0.753"/>
  <testcase classname="testClasses.ProductTest" name="sortingProduct" time="9.247"/>
  <testcase classname="testClasses.ProductTest" name="clickOnProduct" time="1.467"/>
  <testcase classname="testClasses.BaseTest" name="@AfterSuite Close" time="0.0">
    <ignored/>
  </testcase> <!-- @AfterSuite Close -->
  <testcase classname="testClasses.BaseTest" name="@BeforeSuite initBrowser" time="0.0">
    <ignored/>
  </testcase> <!-- @BeforeSuite initBrowser -->
</testsuite> <!-- Test -->
