<?xml version="1.0" encoding="UTF-8"?>
<testng-results ignored="2" total="8" passed="5" failed="1" skipped="0">
  <reporter-output>
  </reporter-output>
  <suite started-at="2023-07-05T15:13:06 IST" name="Suite" finished-at="2023-07-05T15:13:21 IST" duration-ms="15180">
    <groups>
    </groups>
    <test started-at="2023-07-05T15:13:06 IST" name="Test" finished-at="2023-07-05T15:13:21 IST" duration-ms="15180">
      <class name="testClasses.HomeTest">
        <test-method is-config="true" signature="initBrowser()[pri:0, instance:testClasses.HomeTest@1acaf3d]" started-at="2023-07-05T15:12:59 IST" name="initBrowser" finished-at="2023-07-05T15:13:06 IST" duration-ms="6765" status="PASS">
          <reporter-output>
          </reporter-output>
        </test-method> <!-- initBrowser -->
        <test-method is-config="true" signature="createObjectOfPage()[pri:0, instance:testClasses.HomeTest@1acaf3d]" started-at="2023-07-05T15:13:06 IST" name="createObjectOfPage" finished-at="2023-07-05T15:13:06 IST" duration-ms="51" status="PASS">
          <reporter-output>
          </reporter-output>
        </test-method> <!-- createObjectOfPage -->
        <test-method signature="validateTitle()[pri:1, instance:testClasses.HomeTest@1acaf3d]" started-at="2023-07-05T15:13:06 IST" name="validateTitle" finished-at="2023-07-05T15:13:06 IST" duration-ms="73" status="FAIL">
          <exception class="java.lang.AssertionError">
            <message>
              <![CDATA[test case Pass expected [true] but found [false]]]>
            </message>
            <full-stacktrace>
              <![CDATA[java.lang.AssertionError: test case Pass expected [true] but found [false]
at org.testng.Assert.fail(Assert.java:110)
at org.testng.Assert.failNotEquals(Assert.java:1577)
at org.testng.Assert.assertEqualsImpl(Assert.java:149)
at org.testng.Assert.assertEquals(Assert.java:131)
at org.testng.Assert.assertEquals(Assert.java:1066)
at org.testng.Assert.assertEquals(Assert.java:1030)
at testClasses.HomeTest.validateTitle(HomeTest.java:18)
at java.base/jdk.internal.reflect.NativeMethodAccessorImpl.invoke0(Native Method)
at java.base/jdk.internal.reflect.NativeMethodAccessorImpl.invoke(NativeMethodAccessorImpl.java:62)
at java.base/jdk.internal.reflect.DelegatingMethodAccessorImpl.invoke(DelegatingMethodAccessorImpl.java:43)
at java.base/java.lang.reflect.Method.invoke(Method.java:566)
at org.testng.internal.invokers.MethodInvocationHelper.invokeMethod(MethodInvocationHelper.java:139)
at org.testng.internal.invokers.TestInvoker.invokeMethod(TestInvoker.java:677)
at org.testng.internal.invokers.TestInvoker.invokeTestMethod(TestInvoker.java:221)
at org.testng.internal.invokers.MethodRunner.runInSequence(MethodRunner.java:50)
at org.testng.internal.invokers.TestInvoker$MethodInvocationAgent.invoke(TestInvoker.java:969)
at org.testng.internal.invokers.TestInvoker.invokeTestMethods(TestInvoker.java:194)
at org.testng.internal.invokers.TestMethodWorker.invokeTestMethods(TestMethodWorker.java:148)
at org.testng.internal.invokers.TestMethodWorker.run(TestMethodWorker.java:128)
at java.base/java.util.ArrayList.forEach(ArrayList.java:1541)
at org.testng.TestRunner.privateRun(TestRunner.java:829)
at org.testng.TestRunner.run(TestRunner.java:602)
at org.testng.SuiteRunner.runTest(SuiteRunner.java:437)
at org.testng.SuiteRunner.runSequentially(SuiteRunner.java:431)
at org.testng.SuiteRunner.privateRun(SuiteRunner.java:391)
at org.testng.SuiteRunner.run(SuiteRunner.java:330)
at org.testng.SuiteRunnerWorker.runSuite(SuiteRunnerWorker.java:52)
at org.testng.SuiteRunnerWorker.run(SuiteRunnerWorker.java:95)
at org.testng.TestNG.runSuitesSequentially(TestNG.java:1256)
at org.testng.TestNG.runSuitesLocally(TestNG.java:1176)
at org.testng.TestNG.runSuites(TestNG.java:1099)
at org.testng.TestNG.run(TestNG.java:1067)
at org.testng.remote.AbstractRemoteTestNG.run(AbstractRemoteTestNG.java:115)
at org.testng.remote.RemoteTestNG.initAndRun(RemoteTestNG.java:251)
at org.testng.remote.RemoteTestNG.main(RemoteTestNG.java:77)
]]>
            </full-stacktrace>
          </exception> <!-- java.lang.AssertionError -->
          <reporter-output>
          </reporter-output>
        </test-method> <!-- validateTitle -->
        <test-method signature="NevTosingleMalt()[pri:2, instance:testClasses.HomeTest@1acaf3d]" started-at="2023-07-05T15:13:07 IST" name="NevTosingleMalt" finished-at="2023-07-05T15:13:08 IST" duration-ms="1592" status="PASS">
          <reporter-output>
          </reporter-output>
        </test-method> <!-- NevTosingleMalt -->
        <test-method is-config="true" signature="Close()[pri:0, instance:testClasses.HomeTest@1acaf3d]" started-at="2023-07-05T15:13:22 IST" name="Close" finished-at="2023-07-05T15:13:27 IST" duration-ms="5826" status="PASS">
          <reporter-output>
          </reporter-output>
        </test-method> <!-- Close -->
      </class> <!-- testClasses.HomeTest -->
      <class name="testClasses.ProductTest">
        <test-method is-config="true" signature="createObjectOfPage()[pri:0, instance:testClasses.ProductTest@3fc79729]" started-at="2023-07-05T15:13:08 IST" name="createObjectOfPage" finished-at="2023-07-05T15:13:08 IST" duration-ms="3" status="PASS">
          <reporter-output>
          </reporter-output>
        </test-method> <!-- createObjectOfPage -->
        <test-method signature="applyfilters()[pri:3, instance:testClasses.ProductTest@3fc79729]" started-at="2023-07-05T15:13:08 IST" name="applyfilters" finished-at="2023-07-05T15:13:09 IST" duration-ms="984" status="PASS">
          <reporter-output>
          </reporter-output>
        </test-method> <!-- applyfilters -->
        <test-method signature="resetFilters()[pri:4, instance:testClasses.ProductTest@3fc79729]" started-at="2023-07-05T15:13:09 IST" name="resetFilters" finished-at="2023-07-05T15:13:10 IST" duration-ms="753" status="PASS">
          <reporter-output>
          </reporter-output>
        </test-method> <!-- resetFilters -->
        <test-method signature="sortingProduct()[pri:5, instance:testClasses.ProductTest@3fc79729]" started-at="2023-07-05T15:13:10 IST" name="sortingProduct" finished-at="2023-07-05T15:13:19 IST" duration-ms="9247" status="PASS">
          <reporter-output>
          </reporter-output>
        </test-method> <!-- sortingProduct -->
        <test-method signature="clickOnProduct()[pri:6, instance:testClasses.ProductTest@3fc79729]" started-at="2023-07-05T15:13:19 IST" name="clickOnProduct" finished-at="2023-07-05T15:13:21 IST" duration-ms="1467" status="PASS">
          <reporter-output>
          </reporter-output>
        </test-method> <!-- clickOnProduct -->
      </class> <!-- testClasses.ProductTest -->
    </test> <!-- Test -->
  </suite> <!-- Suite -->
</testng-results>
